[2023-09-10 11:19:06][Application_Error][   at System.Linq.Enumerable.SingleOrDefault[TSource](IEnumerable`1 source)
   at System.Data.Entity.Core.Objects.ELinq.ObjectQueryProvider.<GetElementFunction>b__2[TResult](IEnumerable`1 sequence)
   at System.Data.Entity.Core.Objects.ELinq.ObjectQueryProvider.ExecuteSingle[TResult](IEnumerable`1 query, Expression queryRoot)
   at System.Data.Entity.Core.Objects.ELinq.ObjectQueryProvider.System.Linq.IQueryProvider.Execute[TResult](Expression expression)
   at System.Data.Entity.Internal.Linq.DbQueryProvider.Execute[TResult](Expression expression)
   at System.Linq.Queryable.SingleOrDefault[TSource](IQueryable`1 source, Expression`1 predicate)
   at Pages_ColorSettings.DataGrid_CustomDataCallback(Object sender, ASPxGridViewCustomDataCallbackEventArgs e) in e:\1.WORK\VNA\App\Website\Configs\ColorSettings.aspx.cs:line 128
   at DevExpress.Web.ASPxGridView.RaiseCustomDataCallback(ASPxGridCustomCallbackEventArgs e)
   at DevExpress.Web.ASPxGridBase.FBCustomValues(String[] args)
   at DevExpress.Web.ASPxGridBase.GetFunctionalCallbackResultCore()
   at DevExpress.Web.ASPxGridBase.GetCallbackResultCore()
   at DevExpress.Web.ASPxGridBase.GetCallbackResultHtml()
   at DevExpress.Web.ASPxGridBase.GetCallbackResult()
   at DevExpress.Web.ASPxWebControl.System.Web.UI.ICallbackEventHandler.GetCallbackResult()]
[2023-09-10 11:20:04][Application_Error][   at System.Linq.Enumerable.SingleOrDefault[TSource](IEnumerable`1 source)
   at System.Data.Entity.Core.Objects.ELinq.ObjectQueryProvider.<GetElementFunction>b__2[TResult](IEnumerable`1 sequence)
   at System.Data.Entity.Core.Objects.ELinq.ObjectQueryProvider.ExecuteSingle[TResult](IEnumerable`1 query, Expression queryRoot)
   at System.Data.Entity.Core.Objects.ELinq.ObjectQueryProvider.System.Linq.IQueryProvider.Execute[TResult](Expression expression)
   at System.Data.Entity.Internal.Linq.DbQueryProvider.Execute[TResult](Expression expression)
   at System.Linq.Queryable.SingleOrDefault[TSource](IQueryable`1 source, Expression`1 predicate)
   at Pages_ColorSettings.DataGrid_CustomDataCallback(Object sender, ASPxGridViewCustomDataCallbackEventArgs e) in e:\1.WORK\VNA\App\Website\Configs\ColorSettings.aspx.cs:line 128
   at DevExpress.Web.ASPxGridView.RaiseCustomDataCallback(ASPxGridCustomCallbackEventArgs e)
   at DevExpress.Web.ASPxGridBase.FBCustomValues(String[] args)
   at DevExpress.Web.ASPxGridBase.GetFunctionalCallbackResultCore()
   at DevExpress.Web.ASPxGridBase.GetCallbackResultCore()
   at DevExpress.Web.ASPxGridBase.GetCallbackResultHtml()
   at DevExpress.Web.ASPxGridBase.GetCallbackResult()
   at DevExpress.Web.ASPxWebControl.System.Web.UI.ICallbackEventHandler.GetCallbackResult()]
[2023-09-10 11:21:39][Application_Error][   at System.Linq.Enumerable.SingleOrDefault[TSource](IEnumerable`1 source)
   at System.Data.Entity.Core.Objects.ELinq.ObjectQueryProvider.<GetElementFunction>b__2[TResult](IEnumerable`1 sequence)
   at System.Data.Entity.Core.Objects.ELinq.ObjectQueryProvider.ExecuteSingle[TResult](IEnumerable`1 query, Expression queryRoot)
   at System.Data.Entity.Core.Objects.ELinq.ObjectQueryProvider.System.Linq.IQueryProvider.Execute[TResult](Expression expression)
   at System.Data.Entity.Internal.Linq.DbQueryProvider.Execute[TResult](Expression expression)
   at System.Linq.Queryable.SingleOrDefault[TSource](IQueryable`1 source, Expression`1 predicate)
   at Pages_ColorSettings.DataGrid_CustomDataCallback(Object sender, ASPxGridViewCustomDataCallbackEventArgs e) in e:\1.WORK\VNA\App\Website\Configs\ColorSettings.aspx.cs:line 128
   at DevExpress.Web.ASPxGridView.RaiseCustomDataCallback(ASPxGridCustomCallbackEventArgs e)
   at DevExpress.Web.ASPxGridBase.FBCustomValues(String[] args)
   at DevExpress.Web.ASPxGridBase.GetFunctionalCallbackResultCore()
   at DevExpress.Web.ASPxGridBase.GetCallbackResultCore()
   at DevExpress.Web.ASPxGridBase.GetCallbackResultHtml()
   at DevExpress.Web.ASPxGridBase.GetCallbackResult()
   at DevExpress.Web.ASPxWebControl.System.Web.UI.ICallbackEventHandler.GetCallbackResult()]
[2023-09-10 11:41:55][Application_Error][   at System.Linq.Enumerable.SingleOrDefault[TSource](IEnumerable`1 source)
   at System.Data.Entity.Core.Objects.ELinq.ObjectQueryProvider.<GetElementFunction>b__2[TResult](IEnumerable`1 sequence)
   at System.Data.Entity.Core.Objects.ELinq.ObjectQueryProvider.ExecuteSingle[TResult](IEnumerable`1 query, Expression queryRoot)
   at System.Data.Entity.Core.Objects.ELinq.ObjectQueryProvider.System.Linq.IQueryProvider.Execute[TResult](Expression expression)
   at System.Data.Entity.Internal.Linq.DbQueryProvider.Execute[TResult](Expression expression)
   at System.Linq.Queryable.SingleOrDefault[TSource](IQueryable`1 source, Expression`1 predicate)
   at Pages_ColorSettings.DataGrid_CustomDataCallback(Object sender, ASPxGridViewCustomDataCallbackEventArgs e) in e:\1.WORK\VNA\App\Website\Configs\ColorSettings.aspx.cs:line 128
   at DevExpress.Web.ASPxGridView.RaiseCustomDataCallback(ASPxGridCustomCallbackEventArgs e)
   at DevExpress.Web.ASPxGridBase.FBCustomValues(String[] args)
   at DevExpress.Web.ASPxGridBase.GetFunctionalCallbackResultCore()
   at DevExpress.Web.ASPxGridBase.GetCallbackResultCore()
   at DevExpress.Web.ASPxGridBase.GetCallbackResultHtml()
   at DevExpress.Web.ASPxGridBase.GetCallbackResult()
   at DevExpress.Web.ASPxWebControl.System.Web.UI.ICallbackEventHandler.GetCallbackResult()]
