[2023-09-08 19:27:50][Application_Error][   at Business_RevenueCost_RevenueCostForCompany.StoresGrid_BatchUpdate(Object sender, ASPxTreeListBatchUpdateEventArgs e) in e:\1.WORK\VNA\App\Website\Business\RevenueCost\RevenueCostForCompany.aspx.cs:line 1875
   at DevExpress.Web.ASPxTreeList.ASPxTreeList.RaiseBatchUpdate(ASPxTreeListBatchUpdateEventArgs e)
   at DevExpress.Web.ASPxTreeList.Internal.TreeListBatchEditHelper.OnBatchUpdate(ASPxDataBatchUpdateEventArgs args)
   at DevExpress.Web.Internal.BatchEditHelper.BatchUpdate()
   at DevExpress.Web.Internal.BatchEditHelper.CommitTransaction()
   at DevExpress.Web.ASPxTreeList.Internal.TreeListDataHelper.CommitEdit()
   at DevExpress.Web.ASPxTreeList.ASPxTreeList.UpdateEdit()
   at DevExpress.Web.ASPxTreeList.Internal.TreeListUpdateEditCommand.Execute()
   at DevExpress.Web.ASPxTreeList.ASPxTreeList.RaisePostBackEventCore(String arg)
   at DevExpress.Web.ASPxTreeList.ASPxTreeList.RaiseCallbackEvent(String eventArgument)
   at DevExpress.Web.ASPxWebControl.System.Web.UI.ICallbackEventHandler.RaiseCallbackEvent(String eventArgument)]
[2023-09-08 19:28:22][Application_Error][   at Business_RevenueCost_RevenueCostForCompany.StoresGrid_BatchUpdate(Object sender, ASPxTreeListBatchUpdateEventArgs e) in e:\1.WORK\VNA\App\Website\Business\RevenueCost\RevenueCostForCompany.aspx.cs:line 1875
   at DevExpress.Web.ASPxTreeList.ASPxTreeList.RaiseBatchUpdate(ASPxTreeListBatchUpdateEventArgs e)
   at DevExpress.Web.ASPxTreeList.Internal.TreeListBatchEditHelper.OnBatchUpdate(ASPxDataBatchUpdateEventArgs args)
   at DevExpress.Web.Internal.BatchEditHelper.BatchUpdate()
   at DevExpress.Web.Internal.BatchEditHelper.CommitTransaction()
   at DevExpress.Web.ASPxTreeList.Internal.TreeListDataHelper.CommitEdit()
   at DevExpress.Web.ASPxTreeList.ASPxTreeList.UpdateEdit()
   at DevExpress.Web.ASPxTreeList.Internal.TreeListUpdateEditCommand.Execute()
   at DevExpress.Web.ASPxTreeList.ASPxTreeList.RaisePostBackEventCore(String arg)
   at DevExpress.Web.ASPxTreeList.ASPxTreeList.RaiseCallbackEvent(String eventArgument)
   at DevExpress.Web.ASPxWebControl.System.Web.UI.ICallbackEventHandler.RaiseCallbackEvent(String eventArgument)]
[2023-09-08 19:30:34][Application_Error][   at Business_RevenueCost_RevenueCostForCompany.StoresGrid_BatchUpdate(Object sender, ASPxTreeListBatchUpdateEventArgs e) in e:\1.WORK\VNA\App\Website\Business\RevenueCost\RevenueCostForCompany.aspx.cs:line 1875
   at DevExpress.Web.ASPxTreeList.ASPxTreeList.RaiseBatchUpdate(ASPxTreeListBatchUpdateEventArgs e)
   at DevExpress.Web.ASPxTreeList.Internal.TreeListBatchEditHelper.OnBatchUpdate(ASPxDataBatchUpdateEventArgs args)
   at DevExpress.Web.Internal.BatchEditHelper.BatchUpdate()
   at DevExpress.Web.Internal.BatchEditHelper.CommitTransaction()
   at DevExpress.Web.ASPxTreeList.Internal.TreeListDataHelper.CommitEdit()
   at DevExpress.Web.ASPxTreeList.ASPxTreeList.UpdateEdit()
   at DevExpress.Web.ASPxTreeList.Internal.TreeListUpdateEditCommand.Execute()
   at DevExpress.Web.ASPxTreeList.ASPxTreeList.RaisePostBackEventCore(String arg)
   at DevExpress.Web.ASPxTreeList.ASPxTreeList.RaiseCallbackEvent(String eventArgument)
   at DevExpress.Web.ASPxWebControl.System.Web.UI.ICallbackEventHandler.RaiseCallbackEvent(String eventArgument)]
[2023-09-08 19:30:53][Application_Error][   at System.Data.Entity.Core.EntityClient.Internal.EntityCommandDefinition.ExecuteStoreCommands(EntityCommand entityCommand, CommandBehavior behavior)
   at System.Data.Entity.Core.EntityClient.Internal.EntityCommandDefinition.Execute(EntityCommand entityCommand, CommandBehavior behavior)
   at System.Data.Entity.Core.EntityClient.EntityCommand.ExecuteReader(CommandBehavior behavior)
   at System.Data.Entity.Core.EntityClient.EntityCommand.ExecuteNonQuery()
   at System.Data.Entity.Core.Objects.ObjectContext.ExecuteFunctionCommand(EntityCommand entityCommand)
   at System.Data.Entity.Core.Objects.ObjectContext.<>c__DisplayClass4b.<ExecuteFunction>b__4a()
   at System.Data.Entity.Core.Objects.ObjectContext.ExecuteInTransaction[T](Func`1 func, IDbExecutionStrategy executionStrategy, Boolean startLocalTransaction, Boolean releaseConnectionOnSuccess)
   at System.Data.Entity.Core.Objects.ObjectContext.<>c__DisplayClass4b.<ExecuteFunction>b__49()
   at System.Data.Entity.SqlServer.DefaultSqlExecutionStrategy.Execute[TResult](Func`1 operation)
   at System.Data.Entity.Core.Objects.ObjectContext.ExecuteFunction(String functionName, ObjectParameter[] parameters)
   at KTQTData.KTQTDataEntities.CalculateSumItem(Nullable`1 pVerCompanyID) in E:\1.WORK\VNA\App\KTQTData\KTQTDataModel.Context.cs:line 612
   at Business_RevenueCost_RevenueCostForCompany.StoresGrid_CustomCallback(Object sender, TreeListCustomCallbackEventArgs e) in e:\1.WORK\VNA\App\Website\Business\RevenueCost\RevenueCostForCompany.aspx.cs:line 573
   at DevExpress.Web.ASPxTreeList.ASPxTreeList.RaiseCustomCallback(TreeListCustomCallbackEventArgs e)
   at DevExpress.Web.ASPxTreeList.Internal.TreeListCustomCallbackCommand.Execute()
   at DevExpress.Web.ASPxTreeList.ASPxTreeList.RaisePostBackEventCore(String arg)
   at DevExpress.Web.ASPxTreeList.ASPxTreeList.RaiseCallbackEvent(String eventArgument)
   at DevExpress.Web.ASPxWebControl.System.Web.UI.ICallbackEventHandler.RaiseCallbackEvent(String eventArgument)]
[2023-09-08 22:24:12][Application_Error][   at System.Data.Entity.Core.EntityClient.Internal.EntityCommandDefinition.ExecuteStoreCommands(EntityCommand entityCommand, CommandBehavior behavior)
   at System.Data.Entity.Core.EntityClient.Internal.EntityCommandDefinition.Execute(EntityCommand entityCommand, CommandBehavior behavior)
   at System.Data.Entity.Core.EntityClient.EntityCommand.ExecuteReader(CommandBehavior behavior)
   at System.Data.Entity.Core.EntityClient.EntityCommand.ExecuteNonQuery()
   at System.Data.Entity.Core.Objects.ObjectContext.ExecuteFunctionCommand(EntityCommand entityCommand)
   at System.Data.Entity.Core.Objects.ObjectContext.<>c__DisplayClass4b.<ExecuteFunction>b__4a()
   at System.Data.Entity.Core.Objects.ObjectContext.ExecuteInTransaction[T](Func`1 func, IDbExecutionStrategy executionStrategy, Boolean startLocalTransaction, Boolean releaseConnectionOnSuccess)
   at System.Data.Entity.Core.Objects.ObjectContext.<>c__DisplayClass4b.<ExecuteFunction>b__49()
   at System.Data.Entity.SqlServer.DefaultSqlExecutionStrategy.Execute[TResult](Func`1 operation)
   at System.Data.Entity.Core.Objects.ObjectContext.ExecuteFunction(String functionName, ObjectParameter[] parameters)
   at KTQTData.KTQTDataEntities.CalculateSumItem(Nullable`1 pVerCompanyID) in E:\1.WORK\VNA\App\KTQTData\KTQTDataModel.Context.cs:line 612
   at Business_RevenueCost_RevenueCostForCompany.StoresGrid_CustomCallback(Object sender, TreeListCustomCallbackEventArgs e) in e:\1.WORK\VNA\App\Website\Business\RevenueCost\RevenueCostForCompany.aspx.cs:line 573
   at DevExpress.Web.ASPxTreeList.ASPxTreeList.RaiseCustomCallback(TreeListCustomCallbackEventArgs e)
   at DevExpress.Web.ASPxTreeList.Internal.TreeListCustomCallbackCommand.Execute()
   at DevExpress.Web.ASPxTreeList.ASPxTreeList.RaisePostBackEventCore(String arg)
   at DevExpress.Web.ASPxTreeList.ASPxTreeList.RaiseCallbackEvent(String eventArgument)
   at DevExpress.Web.ASPxWebControl.System.Web.UI.ICallbackEventHandler.RaiseCallbackEvent(String eventArgument)]
[2023-09-08 22:35:35][Application_Error][   at DevExpress.Web.Data.WebDataControllerProvider.GetRowValueByControllerRow(Int32 controllerRow, String fieldName, Boolean isDesignTime)
   at DevExpress.Web.Data.WebDataControllerProvider.GetRowValue(Int32 visibleIndex, String fieldName, Boolean isDesignTime)
   at DevExpress.Web.Data.WebDataProxy.GetRowValue(Int32 visibleIndex, String fieldName)
   at DevExpress.Web.Internal.GridTextBuilder.GetDisplayControlArgs(IWebGridDataColumn column, Int32 visibleIndex, IValueProvider provider, ASPxGridBase grid, Boolean highlightSearchText)
   at DevExpress.Web.Internal.GridRenderHelper.CreateDataCellDisplayControl(IWebGridDataColumn column, Int32 visibleIndex, IValueProvider row)
   at DevExpress.Web.Internal.GridRenderHelper.AddDisplayControlToDataCell(Control cell, IWebGridDataColumn column, Int32 visibleIndex, IValueProvider row)
   at DevExpress.Web.Rendering.GridViewTableDataCell.CreateControlHierarchy()
   at DevExpress.Web.Internal.InternalTableCell.CreateChildControls()
   at System.Web.UI.Control.EnsureChildControls()
   at DevExpress.Web.Internal.InternalTableCell.DevExpress.Web.Internal.IWebControl.EnsureChildControls()
   at DevExpress.Web.Internal.RenderUtils.EnsureChildControlsRecursive(Control control, Predicate`1 skipControlCondition)
   at DevExpress.Web.Internal.RenderUtils.EnsureChildControlsRecursive(Control control, Predicate`1 skipControlCondition)
   at DevExpress.Web.Internal.RenderUtils.EnsureChildControlsRecursive(Control control, Predicate`1 skipControlCondition)
   at DevExpress.Web.Internal.RenderUtils.EnsureChildControlsRecursive(Control control, Predicate`1 skipControlCondition)
   at DevExpress.Web.Internal.RenderUtils.EnsureChildControlsRecursive(Control control, Predicate`1 skipControlCondition)
   at DevExpress.Web.Internal.RenderUtils.EnsureChildControlsRecursive(Control control, Boolean skipContentContainers)
   at DevExpress.Web.ASPxWebControlBase.EnsureChildControlsRecursive(Control control, Boolean skipContentContainers)
   at DevExpress.Web.ASPxWebControlBase.EnsureChildControlsRecursive(Control control)
   at DevExpress.Web.ASPxWebControlBase.CreateChildControls()
   at System.Web.UI.Control.EnsureChildControls()
   at DevExpress.Web.ASPxWebControlBase.EnsureChildControls()
   at DevExpress.Web.ASPxWebControlBase.DevExpress.Web.Internal.IWebControl.EnsureChildControls()
   at DevExpress.Web.Internal.RenderUtils.EnsureChildControlsRecursive(Control control, Predicate`1 skipControlCondition)
   at DevExpress.Web.Internal.RenderUtils.EnsureChildControlsRecursive(Control control, Predicate`1 skipControlCondition)
   at DevExpress.Web.Internal.RenderUtils.EnsureChildControlsRecursive(Control control, Boolean skipContentContainers)
   at DevExpress.Web.ASPxWebControlBase.EnsureChildControlsRecursive(Control control, Boolean skipContentContainers)
   at DevExpress.Web.ASPxWebControlBase.EnsureChildControlsRecursive(Control control)
   at DevExpress.Web.ASPxWebControlBase.CreateChildControls()
   at System.Web.UI.Control.EnsureChildControls()
   at DevExpress.Web.ASPxWebControlBase.EnsureChildControls()
   at DevExpress.Web.ASPxWebControlBase.DevExpress.Web.Internal.IWebControl.EnsureChildControls()
   at DevExpress.Web.Internal.RenderUtils.EnsureChildControlsRecursive(Control control, Predicate`1 skipControlCondition)
   at DevExpress.Web.Internal.RenderUtils.EnsureChildControlsRecursive(Control control, Predicate`1 skipControlCondition)
   at DevExpress.Web.Internal.RenderUtils.EnsureChildControlsRecursive(Control control, Predicate`1 skipControlCondition)
   at DevExpress.Web.Internal.RenderUtils.EnsureChildControlsRecursive(Control control, Predicate`1 skipControlCondition)
   at DevExpress.Web.Internal.RenderUtils.EnsureChildControlsRecursive(Control control, Predicate`1 skipControlCondition)
   at DevExpress.Web.Internal.RenderUtils.EnsureChildControlsRecursive(Control control, Boolean skipContentContainers)
   at DevExpress.Web.ASPxWebControlBase.EnsureChildControlsRecursive(Control control, Boolean skipContentContainers)
   at DevExpress.Web.ASPxWebControlBase.EnsureChildControlsRecursive(Control control)
   at DevExpress.Web.ASPxWebControlBase.CreateChildControls()
   at DevExpress.Web.ASPxWebControl.CreateChildControls()
   at System.Web.UI.Control.EnsureChildControls()
   at DevExpress.Web.ASPxWebControlBase.EnsureChildControls()
   at DevExpress.Web.ASPxDataWebControlBase.DataBindInternal()
   at DevExpress.Web.ASPxWebControl.DataBind()
   at Business_RevenueCost_RevenueCostForCompany.LoadStoreDetails(Decimal storeID) in e:\1.WORK\VNA\App\Website\Business\RevenueCost\RevenueCostForCompany.aspx.cs:line 266
   at Business_RevenueCost_RevenueCostForCompany.StoreDetailsGrid_CustomCallback(Object sender, ASPxGridViewCustomCallbackEventArgs e) in e:\1.WORK\VNA\App\Website\Business\RevenueCost\RevenueCostForCompany.aspx.cs:line 740
   at DevExpress.Web.ASPxGridView.RaiseCustomCallback(ASPxGridCustomCallbackEventArgs e)
   at DevExpress.Web.ASPxGridBase.CBCustomCallBack(String[] args)
   at DevExpress.Web.ASPxGridBase.DoCallBackPostBack(String eventArgument)
   at DevExpress.Web.ASPxGridBase.TryDoCallBackPostBack(String eventArgument)
   at DevExpress.Web.ASPxGridBase.RaiseCallbackEvent(String eventArgument)
   at DevExpress.Web.ASPxWebControl.System.Web.UI.ICallbackEventHandler.RaiseCallbackEvent(String eventArgument)]
[2023-09-08 22:35:35][Application_Error][   at DevExpress.Web.Data.WebDataControllerProvider.GetRowValueByControllerRow(Int32 controllerRow, String fieldName, Boolean isDesignTime)
   at DevExpress.Web.Data.WebDataControllerProvider.GetRowValue(Int32 visibleIndex, String fieldName, Boolean isDesignTime)
   at DevExpress.Web.Data.WebDataProxy.GetRowValue(Int32 visibleIndex, String fieldName)
   at DevExpress.Web.Internal.GridTextBuilder.GetDisplayControlArgs(IWebGridDataColumn column, Int32 visibleIndex, IValueProvider provider, ASPxGridBase grid, Boolean highlightSearchText)
   at DevExpress.Web.Internal.GridRenderHelper.CreateDataCellDisplayControl(IWebGridDataColumn column, Int32 visibleIndex, IValueProvider row)
   at DevExpress.Web.Internal.GridRenderHelper.AddDisplayControlToDataCell(Control cell, IWebGridDataColumn column, Int32 visibleIndex, IValueProvider row)
   at DevExpress.Web.Rendering.GridViewTableDataCell.CreateControlHierarchy()
   at DevExpress.Web.Internal.InternalTableCell.CreateChildControls()
   at System.Web.UI.Control.EnsureChildControls()
   at DevExpress.Web.Internal.InternalTableCell.DevExpress.Web.Internal.IWebControl.EnsureChildControls()
   at DevExpress.Web.Internal.RenderUtils.EnsureChildControlsRecursive(Control control, Predicate`1 skipControlCondition)
   at DevExpress.Web.Internal.RenderUtils.EnsureChildControlsRecursive(Control control, Predicate`1 skipControlCondition)
   at DevExpress.Web.Internal.RenderUtils.EnsureChildControlsRecursive(Control control, Predicate`1 skipControlCondition)
   at DevExpress.Web.Internal.RenderUtils.EnsureChildControlsRecursive(Control control, Predicate`1 skipControlCondition)
   at DevExpress.Web.Internal.RenderUtils.EnsureChildControlsRecursive(Control control, Predicate`1 skipControlCondition)
   at DevExpress.Web.Internal.RenderUtils.EnsureChildControlsRecursive(Control control, Boolean skipContentContainers)
   at DevExpress.Web.ASPxWebControlBase.EnsureChildControlsRecursive(Control control, Boolean skipContentContainers)
   at DevExpress.Web.ASPxWebControlBase.EnsureChildControlsRecursive(Control control)
   at DevExpress.Web.ASPxWebControlBase.CreateChildControls()
   at System.Web.UI.Control.EnsureChildControls()
   at DevExpress.Web.ASPxWebControlBase.EnsureChildControls()
   at DevExpress.Web.ASPxWebControlBase.DevExpress.Web.Internal.IWebControl.EnsureChildControls()
   at DevExpress.Web.Internal.RenderUtils.EnsureChildControlsRecursive(Control control, Predicate`1 skipControlCondition)
   at DevExpress.Web.Internal.RenderUtils.EnsureChildControlsRecursive(Control control, Predicate`1 skipControlCondition)
   at DevExpress.Web.Internal.RenderUtils.EnsureChildControlsRecursive(Control control, Boolean skipContentContainers)
   at DevExpress.Web.ASPxWebControlBase.EnsureChildControlsRecursive(Control control, Boolean skipContentContainers)
   at DevExpress.Web.ASPxWebControlBase.EnsureChildControlsRecursive(Control control)
   at DevExpress.Web.ASPxWebControlBase.CreateChildControls()
   at System.Web.UI.Control.EnsureChildControls()
   at DevExpress.Web.ASPxWebControlBase.EnsureChildControls()
   at DevExpress.Web.ASPxWebControlBase.DevExpress.Web.Internal.IWebControl.EnsureChildControls()
   at DevExpress.Web.Internal.RenderUtils.EnsureChildControlsRecursive(Control control, Predicate`1 skipControlCondition)
   at DevExpress.Web.Internal.RenderUtils.EnsureChildControlsRecursive(Control control, Predicate`1 skipControlCondition)
   at DevExpress.Web.Internal.RenderUtils.EnsureChildControlsRecursive(Control control, Predicate`1 skipControlCondition)
   at DevExpress.Web.Internal.RenderUtils.EnsureChildControlsRecursive(Control control, Predicate`1 skipControlCondition)
   at DevExpress.Web.Internal.RenderUtils.EnsureChildControlsRecursive(Control control, Predicate`1 skipControlCondition)
   at DevExpress.Web.Internal.RenderUtils.EnsureChildControlsRecursive(Control control, Boolean skipContentContainers)
   at DevExpress.Web.ASPxWebControlBase.EnsureChildControlsRecursive(Control control, Boolean skipContentContainers)
   at DevExpress.Web.ASPxWebControlBase.EnsureChildControlsRecursive(Control control)
   at DevExpress.Web.ASPxWebControlBase.CreateChildControls()
   at DevExpress.Web.ASPxWebControl.CreateChildControls()
   at System.Web.UI.Control.EnsureChildControls()
   at DevExpress.Web.ASPxWebControlBase.EnsureChildControls()
   at DevExpress.Web.ASPxDataWebControlBase.DataBindInternal()
   at DevExpress.Web.ASPxWebControl.DataBind()
   at Business_RevenueCost_RevenueCostForCompany.LoadStoreDetails(Decimal storeID) in e:\1.WORK\VNA\App\Website\Business\RevenueCost\RevenueCostForCompany.aspx.cs:line 266
   at Business_RevenueCost_RevenueCostForCompany.StoreDetailsGrid_CustomCallback(Object sender, ASPxGridViewCustomCallbackEventArgs e) in e:\1.WORK\VNA\App\Website\Business\RevenueCost\RevenueCostForCompany.aspx.cs:line 740
   at DevExpress.Web.ASPxGridView.RaiseCustomCallback(ASPxGridCustomCallbackEventArgs e)
   at DevExpress.Web.ASPxGridBase.CBCustomCallBack(String[] args)
   at DevExpress.Web.ASPxGridBase.DoCallBackPostBack(String eventArgument)
   at DevExpress.Web.ASPxGridBase.TryDoCallBackPostBack(String eventArgument)
   at DevExpress.Web.ASPxGridBase.RaiseCallbackEvent(String eventArgument)
   at DevExpress.Web.ASPxWebControl.System.Web.UI.ICallbackEventHandler.RaiseCallbackEvent(String eventArgument)]
